# JRE version: OpenJDK Runtime Environment Temurin-21.0.7+6 (21.0.7+6) (build 21.0.7+6-LTS)
# Java VM: OpenJDK 64-Bit Server VM Temurin-21.0.7+6 (21.0.7+6-LTS, mixed mode, sharing, tiered, compressed oops, compressed class ptrs, parallel gc, windows-amd64)
GC Precious Log:
 CardTable entry size: 512
 CPUs: 4 total, 4 available
 Memory: 3834M
 Large Page Support: Disabled
 NUMA Support: Disabled
 Compressed Oops: Enabled (32-bit)
 Alignments: Space 512K, Generation 512K, Heap 2M
 Heap Min Capacity: 100M
 Heap Initial Capacity: 100M
 Heap Max Capacity: 2G
 Pre-touch: Disabled
 Parallel Workers: 4
Heap:
 PSYoungGen      total 16384K, used 15653K [0x00000000d5580000, 0x00000000d6800000, 0x0000000100000000)
  eden space 14848K, 97% used [0x00000000d5580000,0x00000000d63a0510,0x00000000d6400000)
  from space 1536K, 77% used [0x00000000d6680000,0x00000000d67a8fd8,0x00000000d6800000)
  to   space 1536K, 0% used [0x00000000d6400000,0x00000000d6400000,0x00000000d6580000)
 ParOldGen       total 73728K, used 73432K [0x0000000080000000, 0x0000000084800000, 0x00000000d5580000)
  object space 73728K, 99% used [0x0000000080000000,0x00000000847b6380,0x0000000084800000)
 Metaspace       used 64596K, committed 66112K, reserved 1114112K
  class space    used 6510K, committed 7232K, reserved 1048576K
GC Heap History (20 events):
Event: 58.815 GC heap before
{Heap before GC invocations=54 (full 3):
 PSYoungGen      total 16384K, used 16384K [0x00000000d5580000, 0x00000000d6c00000, 0x0000000100000000)
  eden space 15872K, 100% used [0x00000000d5580000,0x00000000d6500000,0x00000000d6500000)
  from space 512K, 100% used [0x00000000d6b80000,0x00000000d6c00000,0x00000000d6c00000)
  to   space 3072K, 0% used [0x00000000d6600000,0x00000000d6600000,0x00000000d6900000)
 ParOldGen       total 68608K, used 62643K [0x0000000080000000, 0x0000000084300000, 0x00000000d5580000)
  object space 68608K, 91% used [0x0000000080000000,0x0000000083d2cdd8,0x0000000084300000)
 Metaspace       used 61444K, committed 62848K, reserved 1114112K
  class space    used 6242K, committed 6912K, reserved 1048576K
}
Event: 58.819 GC heap after
{Heap after GC invocations=54 (full 3):
 PSYoungGen      total 18944K, used 1408K [0x00000000d5580000, 0x00000000d6c00000, 0x0000000100000000)
  eden space 15872K, 0% used [0x00000000d5580000,0x00000000d5580000,0x00000000d6500000)
  from space 3072K, 45% used [0x00000000d6600000,0x00000000d6760000,0x00000000d6900000)
  to   space 2048K, 0% used [0x00000000d6a00000,0x00000000d6a00000,0x00000000d6c00000)
 ParOldGen       total 68608K, used 63128K [0x0000000080000000, 0x0000000084300000, 0x00000000d5580000)
  object space 68608K, 92% used [0x0000000080000000,0x0000000083da60b8,0x0000000084300000)
 Metaspace       used 61444K, committed 62848K, reserved 1114112K
  class space    used 6242K, committed 6912K, reserved 1048576K
}
Event: 59.205 GC heap before
{Heap before GC invocations=55 (full 3):
 PSYoungGen      total 18944K, used 17280K [0x00000000d5580000, 0x00000000d6c00000, 0x0000000100000000)
  eden space 15872K, 100% used [0x00000000d5580000,0x00000000d6500000,0x00000000d6500000)
  from space 3072K, 45% used [0x00000000d6600000,0x00000000d6760000,0x00000000d6900000)
  to   space 2048K, 0% used [0x00000000d6a00000,0x00000000d6a00000,0x00000000d6c00000)
 ParOldGen       total 68608K, used 63128K [0x0000000080000000, 0x0000000084300000, 0x00000000d5580000)
  object space 68608K, 92% used [0x0000000080000000,0x0000000083da60b8,0x0000000084300000)
 Metaspace       used 61656K, committed 63040K, reserved 1114112K
  class space    used 6246K, committed 6912K, reserved 1048576K
}
Event: 59.208 GC heap after
{Heap after GC invocations=55 (full 3):
 PSYoungGen      total 17408K, used 1504K [0x00000000d5580000, 0x00000000d6b80000, 0x0000000100000000)
  eden space 15872K, 0% used [0x00000000d5580000,0x00000000d5580000,0x00000000d6500000)
  from space 1536K, 97% used [0x00000000d6a00000,0x00000000d6b78000,0x00000000d6b80000)
  to   space 1536K, 0% used [0x00000000d6880000,0x00000000d6880000,0x00000000d6a00000)
 ParOldGen       total 68608K, used 64365K [0x0000000080000000, 0x0000000084300000, 0x00000000d5580000)
  object space 68608K, 93% used [0x0000000080000000,0x0000000083edb428,0x0000000084300000)
 Metaspace       used 61656K, committed 63040K, reserved 1114112K
  class space    used 6246K, committed 6912K, reserved 1048576K
}
Event: 59.582 GC heap before
{Heap before GC invocations=56 (full 3):
 PSYoungGen      total 17408K, used 17376K [0x00000000d5580000, 0x00000000d6b80000, 0x0000000100000000)
  eden space 15872K, 100% used [0x00000000d5580000,0x00000000d6500000,0x00000000d6500000)
  from space 1536K, 97% used [0x00000000d6a00000,0x00000000d6b78000,0x00000000d6b80000)
  to   space 1536K, 0% used [0x00000000d6880000,0x00000000d6880000,0x00000000d6a00000)
 ParOldGen       total 68608K, used 64365K [0x0000000080000000, 0x0000000084300000, 0x00000000d5580000)
  object space 68608K, 93% used [0x0000000080000000,0x0000000083edb428,0x0000000084300000)
 Metaspace       used 62071K, committed 63488K, reserved 1114112K
  class space    used 6291K, committed 6912K, reserved 1048576K
}
Event: 59.588 GC heap after
{Heap after GC invocations=56 (full 3):
 PSYoungGen      total 17408K, used 1526K [0x00000000d5580000, 0x00000000d6b00000, 0x0000000100000000)
  eden space 15872K, 0% used [0x00000000d5580000,0x00000000d5580000,0x00000000d6500000)
  from space 1536K, 99% used [0x00000000d6880000,0x00000000d69fd828,0x00000000d6a00000)
  to   space 1024K, 0% used [0x00000000d6a00000,0x00000000d6a00000,0x00000000d6b00000)
 ParOldGen       total 68608K, used 65493K [0x0000000080000000, 0x0000000084300000, 0x00000000d5580000)
  object space 68608K, 95% used [0x0000000080000000,0x0000000083ff5428,0x0000000084300000)
 Metaspace       used 62071K, committed 63488K, reserved 1114112K
  class space    used 6291K, committed 6912K, reserved 1048576K
}
Event: 60.057 GC heap before
{Heap before GC invocations=57 (full 3):
 PSYoungGen      total 17408K, used 17398K [0x00000000d5580000, 0x00000000d6b00000, 0x0000000100000000)
  eden space 15872K, 100% used [0x00000000d5580000,0x00000000d6500000,0x00000000d6500000)
  from space 1536K, 99% used [0x00000000d6880000,0x00000000d69fd828,0x00000000d6a00000)
  to   space 1024K, 0% used [0x00000000d6a00000,0x00000000d6a00000,0x00000000d6b00000)
 ParOldGen       total 68608K, used 65493K [0x0000000080000000, 0x0000000084300000, 0x00000000d5580000)
  object space 68608K, 95% used [0x0000000080000000,0x0000000083ff5428,0x0000000084300000)
 Metaspace       used 62254K, committed 63616K, reserved 1114112K
  class space    used 6295K, committed 6912K, reserved 1048576K
}
Event: 60.060 GC heap after
{Heap after GC invocations=57 (full 3):
 PSYoungGen      total 16896K, used 1024K [0x00000000d5580000, 0x00000000d6b00000, 0x0000000100000000)
  eden space 15872K, 0% used [0x00000000d5580000,0x00000000d5580000,0x00000000d6500000)
  from space 1024K, 100% used [0x00000000d6a00000,0x00000000d6b00000,0x00000000d6b00000)
  to   space 2560K, 0% used [0x00000000d6600000,0x00000000d6600000,0x00000000d6880000)
 ParOldGen       total 68608K, used 66842K [0x0000000080000000, 0x0000000084300000, 0x00000000d5580000)
  object space 68608K, 97% used [0x0000000080000000,0x0000000084146950,0x0000000084300000)
 Metaspace       used 62254K, committed 63616K, reserved 1114112K
  class space    used 6295K, committed 6912K, reserved 1048576K
}
Event: 60.831 GC heap before
{Heap before GC invocations=58 (full 3):
 PSYoungGen      total 16896K, used 16896K [0x00000000d5580000, 0x00000000d6b00000, 0x0000000100000000)
  eden space 15872K, 100% used [0x00000000d5580000,0x00000000d6500000,0x00000000d6500000)
  from space 1024K, 100% used [0x00000000d6a00000,0x00000000d6b00000,0x00000000d6b00000)
  to   space 2560K, 0% used [0x00000000d6600000,0x00000000d6600000,0x00000000d6880000)
 ParOldGen       total 68608K, used 66842K [0x0000000080000000, 0x0000000084300000, 0x00000000d5580000)
  object space 68608K, 97% used [0x0000000080000000,0x0000000084146950,0x0000000084300000)
 Metaspace       used 62387K, committed 63744K, reserved 1114112K
  class space    used 6295K, committed 6912K, reserved 1048576K
}
Event: 60.836 GC heap after
{Heap after GC invocations=58 (full 3):
 PSYoungGen      total 18432K, used 1568K [0x00000000d5580000, 0x00000000d6a80000, 0x0000000100000000)
  eden space 15872K, 0% used [0x00000000d5580000,0x00000000d5580000,0x00000000d6500000)
  from space 2560K, 61% used [0x00000000d6600000,0x00000000d6788000,0x00000000d6880000)
  to   space 2048K, 0% used [0x00000000d6880000,0x00000000d6880000,0x00000000d6a80000)
 ParOldGen       total 68608K, used 67714K [0x0000000080000000, 0x0000000084300000, 0x00000000d5580000)
  object space 68608K, 98% used [0x0000000080000000,0x0000000084220950,0x0000000084300000)
 Metaspace       used 62387K, committed 63744K, reserved 1114112K
  class space    used 6295K, committed 6912K, reserved 1048576K
}
Event: 61.222 GC heap before
{Heap before GC invocations=59 (full 3):
 PSYoungGen      total 18432K, used 17439K [0x00000000d5580000, 0x00000000d6a80000, 0x0000000100000000)
  eden space 15872K, 99% used [0x00000000d5580000,0x00000000d64fff50,0x00000000d6500000)
  from space 2560K, 61% used [0x00000000d6600000,0x00000000d6788000,0x00000000d6880000)
  to   space 2048K, 0% used [0x00000000d6880000,0x00000000d6880000,0x00000000d6a80000)
 ParOldGen       total 68608K, used 67714K [0x0000000080000000, 0x0000000084300000, 0x00000000d5580000)
  object space 68608K, 98% used [0x0000000080000000,0x0000000084220950,0x0000000084300000)
 Metaspace       used 62488K, committed 63872K, reserved 1114112K
  class space    used 6296K, committed 6912K, reserved 1048576K
}
Event: 61.225 GC heap after
{Heap after GC invocations=59 (full 3):
 PSYoungGen      total 16896K, used 864K [0x00000000d5580000, 0x00000000d6980000, 0x0000000100000000)
  eden space 15872K, 0% used [0x00000000d5580000,0x00000000d5580000,0x00000000d6500000)
  from space 1024K, 84% used [0x00000000d6880000,0x00000000d6958000,0x00000000d6980000)
  to   space 1536K, 0% used [0x00000000d6680000,0x00000000d6680000,0x00000000d6800000)
 ParOldGen       total 68608K, used 68520K [0x0000000080000000, 0x0000000084300000, 0x00000000d5580000)
  object space 68608K, 99% used [0x0000000080000000,0x00000000842ea008,0x0000000084300000)
 Metaspace       used 62488K, committed 63872K, reserved 1114112K
  class space    used 6296K, committed 6912K, reserved 1048576K
}
Event: 63.200 GC heap before
{Heap before GC invocations=60 (full 3):
 PSYoungGen      total 16896K, used 16736K [0x00000000d5580000, 0x00000000d6980000, 0x0000000100000000)
  eden space 15872K, 100% used [0x00000000d5580000,0x00000000d6500000,0x00000000d6500000)
  from space 1024K, 84% used [0x00000000d6880000,0x00000000d6958000,0x00000000d6980000)
  to   space 1536K, 0% used [0x00000000d6680000,0x00000000d6680000,0x00000000d6800000)
 ParOldGen       total 68608K, used 68520K [0x0000000080000000, 0x0000000084300000, 0x00000000d5580000)
  object space 68608K, 99% used [0x0000000080000000,0x00000000842ea008,0x0000000084300000)
 Metaspace       used 62960K, committed 64384K, reserved 1114112K
  class space    used 6333K, committed 6976K, reserved 1048576K
}
Event: 63.204 GC heap after
{Heap after GC invocations=60 (full 3):
 PSYoungGen      total 17408K, used 1152K [0x00000000d5580000, 0x00000000d6900000, 0x0000000100000000)
  eden space 15872K, 0% used [0x00000000d5580000,0x00000000d5580000,0x00000000d6500000)
  from space 1536K, 75% used [0x00000000d6680000,0x00000000d67a0000,0x00000000d6800000)
  to   space 1024K, 0% used [0x00000000d6800000,0x00000000d6800000,0x00000000d6900000)
 ParOldGen       total 69632K, used 69160K [0x0000000080000000, 0x0000000084400000, 0x00000000d5580000)
  object space 69632K, 99% used [0x0000000080000000,0x000000008438a008,0x0000000084400000)
 Metaspace       used 62960K, committed 64384K, reserved 1114112K
  class space    used 6333K, committed 6976K, reserved 1048576K
}
Event: 64.241 GC heap before
{Heap before GC invocations=61 (full 3):
 PSYoungGen      total 17408K, used 17023K [0x00000000d5580000, 0x00000000d6900000, 0x0000000100000000)
  eden space 15872K, 99% used [0x00000000d5580000,0x00000000d64fffa8,0x00000000d6500000)
  from space 1536K, 75% used [0x00000000d6680000,0x00000000d67a0000,0x00000000d6800000)
  to   space 1024K, 0% used [0x00000000d6800000,0x00000000d6800000,0x00000000d6900000)
 ParOldGen       total 69632K, used 69160K [0x0000000080000000, 0x0000000084400000, 0x00000000d5580000)
  object space 69632K, 99% used [0x0000000080000000,0x000000008438a008,0x0000000084400000)
 Metaspace       used 63344K, committed 64768K, reserved 1114112K
  class space    used 6390K, committed 7040K, reserved 1048576K
}
Event: 64.248 GC heap after
{Heap after GC invocations=61 (full 3):
 PSYoungGen      total 15872K, used 997K [0x00000000d5580000, 0x00000000d6d00000, 0x0000000100000000)
  eden space 14848K, 0% used [0x00000000d5580000,0x00000000d5580000,0x00000000d6400000)
  from space 1024K, 97% used [0x00000000d6800000,0x00000000d68f9730,0x00000000d6900000)
  to   space 4096K, 0% used [0x00000000d6400000,0x00000000d6400000,0x00000000d6800000)
 ParOldGen       total 71680K, used 71450K [0x0000000080000000, 0x0000000084600000, 0x00000000d5580000)
  object space 71680K, 99% used [0x0000000080000000,0x00000000845c6a78,0x0000000084600000)
 Metaspace       used 63344K, committed 64768K, reserved 1114112K
  class space    used 6390K, committed 7040K, reserved 1048576K
}
Event: 65.769 GC heap before
{Heap before GC invocations=62 (full 3):
 PSYoungGen      total 15872K, used 15845K [0x00000000d5580000, 0x00000000d6d00000, 0x0000000100000000)
  eden space 14848K, 100% used [0x00000000d5580000,0x00000000d6400000,0x00000000d6400000)
  from space 1024K, 97% used [0x00000000d6800000,0x00000000d68f9730,0x00000000d6900000)
  to   space 4096K, 0% used [0x00000000d6400000,0x00000000d6400000,0x00000000d6800000)
 ParOldGen       total 71680K, used 71450K [0x0000000080000000, 0x0000000084600000, 0x00000000d5580000)
  object space 71680K, 99% used [0x0000000080000000,0x00000000845c6a78,0x0000000084600000)
 Metaspace       used 64125K, committed 65536K, reserved 1114112K
  class space    used 6472K, committed 7104K, reserved 1048576K
}
Event: 65.772 GC heap after
{Heap after GC invocations=62 (full 3):
 PSYoungGen      total 16384K, used 1082K [0x00000000d5580000, 0x00000000d6880000, 0x0000000100000000)
  eden space 14848K, 0% used [0x00000000d5580000,0x00000000d5580000,0x00000000d6400000)
  from space 1536K, 70% used [0x00000000d6400000,0x00000000d650e8c8,0x00000000d6580000)
  to   space 2048K, 0% used [0x00000000d6680000,0x00000000d6680000,0x00000000d6880000)
 ParOldGen       total 72704K, used 72445K [0x0000000080000000, 0x0000000084700000, 0x00000000d5580000)
  object space 72704K, 99% used [0x0000000080000000,0x00000000846bf690,0x0000000084700000)
 Metaspace       used 64125K, committed 65536K, reserved 1114112K
  class space    used 6472K, committed 7104K, reserved 1048576K
}
Event: 67.066 GC heap before
{Heap before GC invocations=63 (full 3):
 PSYoungGen      total 16384K, used 15930K [0x00000000d5580000, 0x00000000d6880000, 0x0000000100000000)
  eden space 14848K, 100% used [0x00000000d5580000,0x00000000d6400000,0x00000000d6400000)
  from space 1536K, 70% used [0x00000000d6400000,0x00000000d650e8c8,0x00000000d6580000)
  to   space 2048K, 0% used [0x00000000d6680000,0x00000000d6680000,0x00000000d6880000)
 ParOldGen       total 72704K, used 72445K [0x0000000080000000, 0x0000000084700000, 0x00000000d5580000)
  object space 72704K, 99% used [0x0000000080000000,0x00000000846bf690,0x0000000084700000)
 Metaspace       used 64584K, committed 66112K, reserved 1114112K
  class space    used 6509K, committed 7232K, reserved 1048576K
}
Event: 67.070 GC heap after
{Heap after GC invocations=63 (full 3):
 PSYoungGen      total 16384K, used 1187K [0x00000000d5580000, 0x00000000d6800000, 0x0000000100000000)
  eden space 14848K, 0% used [0x00000000d5580000,0x00000000d5580000,0x00000000d6400000)
  from space 1536K, 77% used [0x00000000d6680000,0x00000000d67a8fd8,0x00000000d6800000)
  to   space 1536K, 0% used [0x00000000d6400000,0x00000000d6400000,0x00000000d6580000)
 ParOldGen       total 73728K, used 73432K [0x0000000080000000, 0x0000000084800000, 0x00000000d5580000)
  object space 73728K, 99% used [0x0000000080000000,0x00000000847b6380,0x0000000084800000)
 Metaspace       used 64584K, committed 66112K, reserved 1114112K
  class space    used 6509K, committed 7232K, reserved 1048576K
}

