# JRE version: OpenJDK Runtime Environment Temurin-21.0.7+6 (21.0.7+6) (build 21.0.7+6-LTS)
# Java VM: OpenJDK 64-Bit Server VM Temurin-21.0.7+6 (21.0.7+6-LTS, mixed mode, sharing, tiered, compressed oops, compressed class ptrs, parallel gc, windows-amd64)
GC Precious Log:
 CardTable entry size: 512
 CPUs: 4 total, 4 available
 Memory: 3834M
 Large Page Support: Disabled
 NUMA Support: Disabled
 Compressed Oops: Enabled (32-bit)
 Alignments: Space 512K, Generation 512K, Heap 2M
 Heap Min Capacity: 100M
 Heap Initial Capacity: 100M
 Heap Max Capacity: 2G
 Pre-touch: Disabled
 Parallel Workers: 4
Heap:
 PSYoungGen      total 2048K, used 1285K [0x00000000d5580000, 0x00000000d5800000, 0x0000000100000000)
  eden space 1536K, 57% used [0x00000000d5580000,0x00000000d565e8e0,0x00000000d5700000)
  from space 512K, 77% used [0x00000000d5700000,0x00000000d5762e30,0x00000000d5780000)
  to   space 512K, 0% used [0x00000000d5780000,0x00000000d5780000,0x00000000d5800000)
 ParOldGen       total 192512K, used 192297K [0x0000000080000000, 0x000000008bc00000, 0x00000000d5580000)
  object space 192512K, 99% used [0x0000000080000000,0x000000008bbca460,0x000000008bc00000)
 Metaspace       used 75331K, committed 76928K, reserved 1179648K
  class space    used 7597K, committed 8320K, reserved 1048576K
GC Heap History (20 events):
Event: 170.261 GC heap before
{Heap before GC invocations=492 (full 3):
 PSYoungGen      total 1536K, used 1344K [0x00000000d5580000, 0x00000000d5800000, 0x0000000100000000)
  eden space 1024K, 100% used [0x00000000d5580000,0x00000000d5680000,0x00000000d5680000)
  from space 512K, 62% used [0x00000000d5780000,0x00000000d57d0000,0x00000000d5800000)
  to   space 512K, 0% used [0x00000000d5700000,0x00000000d5700000,0x00000000d5780000)
 ParOldGen       total 189952K, used 189664K [0x0000000080000000, 0x000000008b980000, 0x00000000d5580000)
  object space 189952K, 99% used [0x0000000080000000,0x000000008b9381d8,0x000000008b980000)
 Metaspace       used 75314K, committed 76928K, reserved 1179648K
  class space    used 7594K, committed 8320K, reserved 1048576K
}
Event: 170.262 GC heap after
{Heap after GC invocations=492 (full 3):
 PSYoungGen      total 1536K, used 288K [0x00000000d5580000, 0x00000000d5800000, 0x0000000100000000)
  eden space 1024K, 0% used [0x00000000d5580000,0x00000000d5580000,0x00000000d5680000)
  from space 512K, 56% used [0x00000000d5700000,0x00000000d5748000,0x00000000d5780000)
  to   space 512K, 0% used [0x00000000d5780000,0x00000000d5780000,0x00000000d5800000)
 ParOldGen       total 189952K, used 189913K [0x0000000080000000, 0x000000008b980000, 0x00000000d5580000)
  object space 189952K, 99% used [0x0000000080000000,0x000000008b9767e0,0x000000008b980000)
 Metaspace       used 75314K, committed 76928K, reserved 1179648K
  class space    used 7594K, committed 8320K, reserved 1048576K
}
Event: 170.294 GC heap before
{Heap before GC invocations=493 (full 3):
 PSYoungGen      total 1536K, used 1311K [0x00000000d5580000, 0x00000000d5800000, 0x0000000100000000)
  eden space 1024K, 99% used [0x00000000d5580000,0x00000000d567ffd0,0x00000000d5680000)
  from space 512K, 56% used [0x00000000d5700000,0x00000000d5748000,0x00000000d5780000)
  to   space 512K, 0% used [0x00000000d5780000,0x00000000d5780000,0x00000000d5800000)
 ParOldGen       total 189952K, used 189913K [0x0000000080000000, 0x000000008b980000, 0x00000000d5580000)
  object space 189952K, 99% used [0x0000000080000000,0x000000008b9767e0,0x000000008b980000)
 Metaspace       used 75314K, committed 76928K, reserved 1179648K
  class space    used 7594K, committed 8320K, reserved 1048576K
}
Event: 170.296 GC heap after
{Heap after GC invocations=493 (full 3):
 PSYoungGen      total 1536K, used 330K [0x00000000d5580000, 0x00000000d5800000, 0x0000000100000000)
  eden space 1024K, 0% used [0x00000000d5580000,0x00000000d5580000,0x00000000d5680000)
  from space 512K, 64% used [0x00000000d5780000,0x00000000d57d2898,0x00000000d5800000)
  to   space 512K, 0% used [0x00000000d5700000,0x00000000d5700000,0x00000000d5780000)
 ParOldGen       total 190464K, used 190172K [0x0000000080000000, 0x000000008ba00000, 0x00000000d5580000)
  object space 190464K, 99% used [0x0000000080000000,0x000000008b9b7170,0x000000008ba00000)
 Metaspace       used 75314K, committed 76928K, reserved 1179648K
  class space    used 7594K, committed 8320K, reserved 1048576K
}
Event: 170.322 GC heap before
{Heap before GC invocations=494 (full 3):
 PSYoungGen      total 1536K, used 1354K [0x00000000d5580000, 0x00000000d5800000, 0x0000000100000000)
  eden space 1024K, 100% used [0x00000000d5580000,0x00000000d5680000,0x00000000d5680000)
  from space 512K, 64% used [0x00000000d5780000,0x00000000d57d2898,0x00000000d5800000)
  to   space 512K, 0% used [0x00000000d5700000,0x00000000d5700000,0x00000000d5780000)
 ParOldGen       total 190464K, used 190172K [0x0000000080000000, 0x000000008ba00000, 0x00000000d5580000)
  object space 190464K, 99% used [0x0000000080000000,0x000000008b9b7170,0x000000008ba00000)
 Metaspace       used 75314K, committed 76928K, reserved 1179648K
  class space    used 7594K, committed 8320K, reserved 1048576K
}
Event: 170.323 GC heap after
{Heap after GC invocations=494 (full 3):
 PSYoungGen      total 1536K, used 245K [0x00000000d5580000, 0x00000000d5800000, 0x0000000100000000)
  eden space 1024K, 0% used [0x00000000d5580000,0x00000000d5580000,0x00000000d5680000)
  from space 512K, 47% used [0x00000000d5700000,0x00000000d573d648,0x00000000d5780000)
  to   space 512K, 0% used [0x00000000d5780000,0x00000000d5780000,0x00000000d5800000)
 ParOldGen       total 190464K, used 190428K [0x0000000080000000, 0x000000008ba00000, 0x00000000d5580000)
  object space 190464K, 99% used [0x0000000080000000,0x000000008b9f7060,0x000000008ba00000)
 Metaspace       used 75314K, committed 76928K, reserved 1179648K
  class space    used 7594K, committed 8320K, reserved 1048576K
}
Event: 170.344 GC heap before
{Heap before GC invocations=495 (full 3):
 PSYoungGen      total 1536K, used 1269K [0x00000000d5580000, 0x00000000d5800000, 0x0000000100000000)
  eden space 1024K, 100% used [0x00000000d5580000,0x00000000d5680000,0x00000000d5680000)
  from space 512K, 47% used [0x00000000d5700000,0x00000000d573d648,0x00000000d5780000)
  to   space 512K, 0% used [0x00000000d5780000,0x00000000d5780000,0x00000000d5800000)
 ParOldGen       total 190464K, used 190428K [0x0000000080000000, 0x000000008ba00000, 0x00000000d5580000)
  object space 190464K, 99% used [0x0000000080000000,0x000000008b9f7060,0x000000008ba00000)
 Metaspace       used 75314K, committed 76928K, reserved 1179648K
  class space    used 7594K, committed 8320K, reserved 1048576K
}
Event: 170.347 GC heap after
{Heap after GC invocations=495 (full 3):
 PSYoungGen      total 1536K, used 275K [0x00000000d5580000, 0x00000000d5800000, 0x0000000100000000)
  eden space 1024K, 0% used [0x00000000d5580000,0x00000000d5580000,0x00000000d5680000)
  from space 512K, 53% used [0x00000000d5780000,0x00000000d57c4f20,0x00000000d5800000)
  to   space 512K, 0% used [0x00000000d5700000,0x00000000d5700000,0x00000000d5780000)
 ParOldGen       total 190976K, used 190665K [0x0000000080000000, 0x000000008ba80000, 0x00000000d5580000)
  object space 190976K, 99% used [0x0000000080000000,0x000000008ba32788,0x000000008ba80000)
 Metaspace       used 75314K, committed 76928K, reserved 1179648K
  class space    used 7594K, committed 8320K, reserved 1048576K
}
Event: 170.358 GC heap before
{Heap before GC invocations=496 (full 3):
 PSYoungGen      total 1536K, used 1299K [0x00000000d5580000, 0x00000000d5800000, 0x0000000100000000)
  eden space 1024K, 100% used [0x00000000d5580000,0x00000000d5680000,0x00000000d5680000)
  from space 512K, 53% used [0x00000000d5780000,0x00000000d57c4f20,0x00000000d5800000)
  to   space 512K, 0% used [0x00000000d5700000,0x00000000d5700000,0x00000000d5780000)
 ParOldGen       total 190976K, used 190665K [0x0000000080000000, 0x000000008ba80000, 0x00000000d5580000)
  object space 190976K, 99% used [0x0000000080000000,0x000000008ba32788,0x000000008ba80000)
 Metaspace       used 75314K, committed 76928K, reserved 1179648K
  class space    used 7594K, committed 8320K, reserved 1048576K
}
Event: 170.359 GC heap after
{Heap after GC invocations=496 (full 3):
 PSYoungGen      total 1536K, used 320K [0x00000000d5580000, 0x00000000d5800000, 0x0000000100000000)
  eden space 1024K, 0% used [0x00000000d5580000,0x00000000d5580000,0x00000000d5680000)
  from space 512K, 62% used [0x00000000d5700000,0x00000000d5750000,0x00000000d5780000)
  to   space 512K, 0% used [0x00000000d5780000,0x00000000d5780000,0x00000000d5800000)
 ParOldGen       total 190976K, used 190903K [0x0000000080000000, 0x000000008ba80000, 0x00000000d5580000)
  object space 190976K, 99% used [0x0000000080000000,0x000000008ba6dd98,0x000000008ba80000)
 Metaspace       used 75314K, committed 76928K, reserved 1179648K
  class space    used 7594K, committed 8320K, reserved 1048576K
}
Event: 170.369 GC heap before
{Heap before GC invocations=497 (full 3):
 PSYoungGen      total 1536K, used 1344K [0x00000000d5580000, 0x00000000d5800000, 0x0000000100000000)
  eden space 1024K, 100% used [0x00000000d5580000,0x00000000d5680000,0x00000000d5680000)
  from space 512K, 62% used [0x00000000d5700000,0x00000000d5750000,0x00000000d5780000)
  to   space 512K, 0% used [0x00000000d5780000,0x00000000d5780000,0x00000000d5800000)
 ParOldGen       total 190976K, used 190903K [0x0000000080000000, 0x000000008ba80000, 0x00000000d5580000)
  object space 190976K, 99% used [0x0000000080000000,0x000000008ba6dd98,0x000000008ba80000)
 Metaspace       used 75314K, committed 76928K, reserved 1179648K
  class space    used 7594K, committed 8320K, reserved 1048576K
}
Event: 170.370 GC heap after
{Heap after GC invocations=497 (full 3):
 PSYoungGen      total 1536K, used 288K [0x00000000d5580000, 0x00000000d5800000, 0x0000000100000000)
  eden space 1024K, 0% used [0x00000000d5580000,0x00000000d5580000,0x00000000d5680000)
  from space 512K, 56% used [0x00000000d5780000,0x00000000d57c8000,0x00000000d5800000)
  to   space 512K, 0% used [0x00000000d5700000,0x00000000d5700000,0x00000000d5780000)
 ParOldGen       total 191488K, used 191153K [0x0000000080000000, 0x000000008bb00000, 0x00000000d5580000)
  object space 191488K, 99% used [0x0000000080000000,0x000000008baac748,0x000000008bb00000)
 Metaspace       used 75314K, committed 76928K, reserved 1179648K
  class space    used 7594K, committed 8320K, reserved 1048576K
}
Event: 170.377 GC heap before
{Heap before GC invocations=498 (full 3):
 PSYoungGen      total 1536K, used 1311K [0x00000000d5580000, 0x00000000d5800000, 0x0000000100000000)
  eden space 1024K, 99% used [0x00000000d5580000,0x00000000d567ff30,0x00000000d5680000)
  from space 512K, 56% used [0x00000000d5780000,0x00000000d57c8000,0x00000000d5800000)
  to   space 512K, 0% used [0x00000000d5700000,0x00000000d5700000,0x00000000d5780000)
 ParOldGen       total 191488K, used 191153K [0x0000000080000000, 0x000000008bb00000, 0x00000000d5580000)
  object space 191488K, 99% used [0x0000000080000000,0x000000008baac748,0x000000008bb00000)
 Metaspace       used 75314K, committed 76928K, reserved 1179648K
  class space    used 7594K, committed 8320K, reserved 1048576K
}
Event: 170.378 GC heap after
{Heap after GC invocations=498 (full 3):
 PSYoungGen      total 1536K, used 411K [0x00000000d5580000, 0x00000000d5800000, 0x0000000100000000)
  eden space 1024K, 0% used [0x00000000d5580000,0x00000000d5580000,0x00000000d5680000)
  from space 512K, 80% used [0x00000000d5700000,0x00000000d5766d80,0x00000000d5780000)
  to   space 512K, 0% used [0x00000000d5780000,0x00000000d5780000,0x00000000d5800000)
 ParOldGen       total 191488K, used 191400K [0x0000000080000000, 0x000000008bb00000, 0x00000000d5580000)
  object space 191488K, 99% used [0x0000000080000000,0x000000008baea300,0x000000008bb00000)
 Metaspace       used 75314K, committed 76928K, reserved 1179648K
  class space    used 7594K, committed 8320K, reserved 1048576K
}
Event: 170.391 GC heap before
{Heap before GC invocations=499 (full 3):
 PSYoungGen      total 1536K, used 1435K [0x00000000d5580000, 0x00000000d5800000, 0x0000000100000000)
  eden space 1024K, 100% used [0x00000000d5580000,0x00000000d5680000,0x00000000d5680000)
  from space 512K, 80% used [0x00000000d5700000,0x00000000d5766d80,0x00000000d5780000)
  to   space 512K, 0% used [0x00000000d5780000,0x00000000d5780000,0x00000000d5800000)
 ParOldGen       total 191488K, used 191400K [0x0000000080000000, 0x000000008bb00000, 0x00000000d5580000)
  object space 191488K, 99% used [0x0000000080000000,0x000000008baea300,0x000000008bb00000)
 Metaspace       used 75314K, committed 76928K, reserved 1179648K
  class space    used 7594K, committed 8320K, reserved 1048576K
}
Event: 170.392 GC heap after
{Heap after GC invocations=499 (full 3):
 PSYoungGen      total 1536K, used 224K [0x00000000d5580000, 0x00000000d5800000, 0x0000000100000000)
  eden space 1024K, 0% used [0x00000000d5580000,0x00000000d5580000,0x00000000d5680000)
  from space 512K, 43% used [0x00000000d5780000,0x00000000d57b8000,0x00000000d5800000)
  to   space 512K, 0% used [0x00000000d5700000,0x00000000d5700000,0x00000000d5780000)
 ParOldGen       total 192000K, used 191651K [0x0000000080000000, 0x000000008bb80000, 0x00000000d5580000)
  object space 192000K, 99% used [0x0000000080000000,0x000000008bb28d90,0x000000008bb80000)
 Metaspace       used 75314K, committed 76928K, reserved 1179648K
  class space    used 7594K, committed 8320K, reserved 1048576K
}
Event: 170.504 GC heap before
{Heap before GC invocations=500 (full 3):
 PSYoungGen      total 1536K, used 1248K [0x00000000d5580000, 0x00000000d5800000, 0x0000000100000000)
  eden space 1024K, 100% used [0x00000000d5580000,0x00000000d5680000,0x00000000d5680000)
  from space 512K, 43% used [0x00000000d5780000,0x00000000d57b8000,0x00000000d5800000)
  to   space 512K, 0% used [0x00000000d5700000,0x00000000d5700000,0x00000000d5780000)
 ParOldGen       total 192000K, used 191651K [0x0000000080000000, 0x000000008bb80000, 0x00000000d5580000)
  object space 192000K, 99% used [0x0000000080000000,0x000000008bb28d90,0x000000008bb80000)
 Metaspace       used 75331K, committed 76928K, reserved 1179648K
  class space    used 7597K, committed 8320K, reserved 1048576K
}
Event: 170.505 GC heap after
{Heap after GC invocations=500 (full 3):
 PSYoungGen      total 1536K, used 284K [0x00000000d5580000, 0x00000000d5800000, 0x0000000100000000)
  eden space 1024K, 0% used [0x00000000d5580000,0x00000000d5580000,0x00000000d5680000)
  from space 512K, 55% used [0x00000000d5700000,0x00000000d57473a8,0x00000000d5780000)
  to   space 512K, 0% used [0x00000000d5780000,0x00000000d5780000,0x00000000d5800000)
 ParOldGen       total 192000K, used 191851K [0x0000000080000000, 0x000000008bb80000, 0x00000000d5580000)
  object space 192000K, 99% used [0x0000000080000000,0x000000008bb5ad90,0x000000008bb80000)
 Metaspace       used 75331K, committed 76928K, reserved 1179648K
  class space    used 7597K, committed 8320K, reserved 1048576K
}
Event: 170.719 GC heap before
{Heap before GC invocations=501 (full 3):
 PSYoungGen      total 1536K, used 1308K [0x00000000d5580000, 0x00000000d5800000, 0x0000000100000000)
  eden space 1024K, 100% used [0x00000000d5580000,0x00000000d5680000,0x00000000d5680000)
  from space 512K, 55% used [0x00000000d5700000,0x00000000d57473a8,0x00000000d5780000)
  to   space 512K, 0% used [0x00000000d5780000,0x00000000d5780000,0x00000000d5800000)
 ParOldGen       total 192000K, used 191851K [0x0000000080000000, 0x000000008bb80000, 0x00000000d5580000)
  object space 192000K, 99% used [0x0000000080000000,0x000000008bb5ad90,0x000000008bb80000)
 Metaspace       used 75331K, committed 76928K, reserved 1179648K
  class space    used 7597K, committed 8320K, reserved 1048576K
}
Event: 171.210 GC heap after
{Heap after GC invocations=501 (full 3):
 PSYoungGen      total 2048K, used 281K [0x00000000d5580000, 0x00000000d5800000, 0x0000000100000000)
  eden space 1536K, 0% used [0x00000000d5580000,0x00000000d5580000,0x00000000d5700000)
  from space 512K, 55% used [0x00000000d5780000,0x00000000d57c67f8,0x00000000d5800000)
  to   space 512K, 0% used [0x00000000d5700000,0x00000000d5700000,0x00000000d5780000)
 ParOldGen       total 192512K, used 192040K [0x0000000080000000, 0x000000008bc00000, 0x00000000d5580000)
  object space 192512K, 99% used [0x0000000080000000,0x000000008bb8a138,0x000000008bc00000)
 Metaspace       used 75331K, committed 76928K, reserved 1179648K
  class space    used 7597K, committed 8320K, reserved 1048576K
}

